<?xml version="1.0" encoding="UTF-8"?>
<testsuite xmlns:xsi="http://www.w3.org/2001/XMLSchema-instance" xsi:noNamespaceSchemaLocation="https://maven.apache.org/surefire/maven-surefire-plugin/xsd/surefire-test-report-3.0.xsd" version="3.0" name="TestSuite" time="56.865" tests="4" errors="0" skipped="0" failures="0">
  <properties>
[...]
</properties>
  <testcase name="validate_error_message_mandatory_fields" classname="com.candidatepsi.cases.CreateAnAccount" time="0.576">
    <system-err><![CDATA[Starting ChromeDriver 91.0.4472.101 (af52a90bf87030dd1523486a1cd3ae25c5d76c9b-refs/branch-heads/4472@{#1462}) on port 2284
Only local connections are allowed.
Please see https://chromedriver.chromium.org/security-considerations for suggestions on keeping ChromeDriver safe.
ChromeDriver was started successfully.
Jul 12, 2021 9:23:40 AM org.openqa.selenium.remote.ProtocolHandshake createSession
INFO: Detected dialect: W3C
]]></system-err>
  </testcase>
  <testcase name="valid_mail" classname="com.candidatepsi.cases.CreateAnAccount" time="20.064"/>
  <testcase name="Username_or_password_invalid" classname="com.candidatepsi.cases.RegisterForExamination" time="8.192"/>
  <testcase name="Signin" classname="com.candidatepsi.cases.RegisterForExamination" time="6.749"/>
</testsuite>