<?xml version="1.0" encoding="UTF-8"?>
<testng-results ignored="5" total="9" passed="4" failed="0" skipped="0">
  <reporter-output>
  </reporter-output>
  <suite started-at="2021-07-12T09:23:33 IST" name="candidatepsiexam" finished-at="2021-07-12T09:24:28 IST" duration-ms="54958">
    <groups>
      <group name="smoke">
        <method signature="CreateAnAccount.valid_mail()[pri:4, instance:com.candidatepsi.cases.CreateAnAccount@49d904ec]" name="valid_mail" class="com.candidatepsi.cases.CreateAnAccount"/>
        <method signature="CreateAnAccount.validate_error_message_mandatory_fields()[pri:1, instance:com.candidatepsi.cases.CreateAnAccount@49d904ec]" name="validate_error_message_mandatory_fields" class="com.candidatepsi.cases.CreateAnAccount"/>
        <method signature="RegisterForExamination.Signin()[pri:6, instance:com.candidatepsi.cases.RegisterForExamination@cd3fee8]" name="Signin" class="com.candidatepsi.cases.RegisterForExamination"/>
        <method signature="RegisterForExamination.Username_or_password_invalid()[pri:5, instance:com.candidatepsi.cases.RegisterForExamination@cd3fee8]" name="Username_or_password_invalid" class="com.candidatepsi.cases.RegisterForExamination"/>
      </group> <!-- smoke -->
    </groups>
    <test started-at="2021-07-12T09:23:33 IST" name="regressiontesting" finished-at="2021-07-12T09:24:28 IST" duration-ms="54958">
      <class name="com.candidatepsi.cases.RegisterForExamination">
        <test-method signature="Username_or_password_invalid()[pri:5, instance:com.candidatepsi.cases.RegisterForExamination@cd3fee8]" started-at="2021-07-12T09:24:13 IST" name="Username_or_password_invalid" finished-at="2021-07-12T09:24:21 IST" duration-ms="8192" status="PASS">
          <reporter-output>
          </reporter-output>
        </test-method> <!-- Username_or_password_invalid -->
        <test-method signature="Signin()[pri:6, instance:com.candidatepsi.cases.RegisterForExamination@cd3fee8]" started-at="2021-07-12T09:24:21 IST" name="Signin" finished-at="2021-07-12T09:24:27 IST" duration-ms="6748" status="PASS">
          <reporter-output>
          </reporter-output>
        </test-method> <!-- Signin -->
      </class> <!-- com.candidatepsi.cases.RegisterForExamination -->
      <class name="com.candidatepsi.cases.CreateAnAccount">
        <test-method is-config="true" signature="launchbrowser()[pri:0, instance:com.candidatepsi.cases.CreateAnAccount@49d904ec]" started-at="2021-07-12T09:23:33 IST" name="launchbrowser" finished-at="2021-07-12T09:23:48 IST" duration-ms="15174" status="PASS">
          <reporter-output>
          </reporter-output>
        </test-method> <!-- launchbrowser -->
        <test-method is-config="true" signature="clickoncreateaccountlink()[pri:0, instance:com.candidatepsi.cases.CreateAnAccount@49d904ec]" started-at="2021-07-12T09:23:48 IST" name="clickoncreateaccountlink" finished-at="2021-07-12T09:23:52 IST" duration-ms="3753" status="PASS">
          <reporter-output>
          </reporter-output>
        </test-method> <!-- clickoncreateaccountlink -->
        <test-method signature="validate_error_message_mandatory_fields()[pri:1, instance:com.candidatepsi.cases.CreateAnAccount@49d904ec]" started-at="2021-07-12T09:23:52 IST" name="validate_error_message_mandatory_fields" finished-at="2021-07-12T09:23:52 IST" duration-ms="607" status="PASS">
          <reporter-output>
          </reporter-output>
        </test-method> <!-- validate_error_message_mandatory_fields -->
        <test-method signature="valid_mail()[pri:4, instance:com.candidatepsi.cases.CreateAnAccount@49d904ec]" started-at="2021-07-12T09:23:52 IST" name="valid_mail" finished-at="2021-07-12T09:24:13 IST" duration-ms="20064" status="PASS">
          <reporter-output>
          </reporter-output>
        </test-method> <!-- valid_mail -->
        <test-method is-config="true" signature="closebrowser()[pri:0, instance:com.candidatepsi.cases.CreateAnAccount@49d904ec]" started-at="2021-07-12T09:24:27 IST" name="closebrowser" finished-at="2021-07-12T09:24:28 IST" duration-ms="248" status="PASS">
          <reporter-output>
          </reporter-output>
        </test-method> <!-- closebrowser -->
      </class> <!-- com.candidatepsi.cases.CreateAnAccount -->
    </test> <!-- regressiontesting -->
  </suite> <!-- candidatepsiexam -->
</testng-results>
