<?xml version="1.0" encoding="UTF-8"?>
<!-- Generated by org.testng.reporters.JUnitXMLReporter -->
<testsuite ignored="0" hostname="DESKTOP-3I3FL5S" failures="0" tests="4" name="Default test" time="74.116" errors="0" timestamp="2021-07-07T17:49:17 IST">
  <testcase classname="com.candidatepsi.cases.CreateAnAccount" name="validate_error_message_mandatory_fields" time="0.187"/>
  <testcase classname="com.candidatepsi.cases.CreateAnAccount" name="verify_validation_message_for_existing_accountext" time="15.207"/>
  <testcase classname="com.candidatepsi.cases.CreateAnAccount" name="Password_doesnt_meet_mandatory_rules" time="23.585"/>
  <testcase classname="com.candidatepsi.cases.CreateAnAccount" name="valid_mail" time="24.22"/>
</testsuite> <!-- Default test -->
