<?xml version="1.0" encoding="UTF-8"?>
<testng-results ignored="5" total="9" passed="4" failed="0" skipped="0">
  <reporter-output>
  </reporter-output>
  <suite started-at="2021-07-12T09:03:42 IST" name="candidatepsiexam" finished-at="2021-07-12T09:04:46 IST" duration-ms="64342">
    <groups>
      <group name="smoke">
        <method signature="CreateAnAccount.valid_mail()[pri:4, instance:com.candidatepsi.cases.CreateAnAccount@7c729a55]" name="valid_mail" class="com.candidatepsi.cases.CreateAnAccount"/>
        <method signature="CreateAnAccount.validate_error_message_mandatory_fields()[pri:1, instance:com.candidatepsi.cases.CreateAnAccount@7c729a55]" name="validate_error_message_mandatory_fields" class="com.candidatepsi.cases.CreateAnAccount"/>
        <method signature="RegisterForExamination.Signin()[pri:6, instance:com.candidatepsi.cases.RegisterForExamination@5ffead27]" name="Signin" class="com.candidatepsi.cases.RegisterForExamination"/>
        <method signature="RegisterForExamination.Username_or_password_invalid()[pri:5, instance:com.candidatepsi.cases.RegisterForExamination@5ffead27]" name="Username_or_password_invalid" class="com.candidatepsi.cases.RegisterForExamination"/>
      </group> <!-- smoke -->
    </groups>
    <test started-at="2021-07-12T09:03:42 IST" name="regressiontesting" finished-at="2021-07-12T09:04:46 IST" duration-ms="64342">
      <class name="com.candidatepsi.cases.RegisterForExamination">
        <test-method signature="Username_or_password_invalid()[pri:5, instance:com.candidatepsi.cases.RegisterForExamination@5ffead27]" started-at="2021-07-12T09:04:28 IST" name="Username_or_password_invalid" finished-at="2021-07-12T09:04:38 IST" duration-ms="9175" status="PASS">
          <reporter-output>
          </reporter-output>
        </test-method> <!-- Username_or_password_invalid -->
        <test-method signature="Signin()[pri:6, instance:com.candidatepsi.cases.RegisterForExamination@5ffead27]" started-at="2021-07-12T09:04:38 IST" name="Signin" finished-at="2021-07-12T09:04:46 IST" duration-ms="8285" status="PASS">
          <reporter-output>
          </reporter-output>
        </test-method> <!-- Signin -->
      </class> <!-- com.candidatepsi.cases.RegisterForExamination -->
      <class name="com.candidatepsi.cases.CreateAnAccount">
        <test-method is-config="true" signature="launchbrowser()[pri:0, instance:com.candidatepsi.cases.CreateAnAccount@7c729a55]" started-at="2021-07-12T09:03:42 IST" name="launchbrowser" finished-at="2021-07-12T09:04:03 IST" duration-ms="20980" status="PASS">
          <reporter-output>
          </reporter-output>
        </test-method> <!-- launchbrowser -->
        <test-method is-config="true" signature="clickoncreateaccountlink()[pri:0, instance:com.candidatepsi.cases.CreateAnAccount@7c729a55]" started-at="2021-07-12T09:04:03 IST" name="clickoncreateaccountlink" finished-at="2021-07-12T09:04:07 IST" duration-ms="4570" status="PASS">
          <reporter-output>
          </reporter-output>
        </test-method> <!-- clickoncreateaccountlink -->
        <test-method signature="validate_error_message_mandatory_fields()[pri:1, instance:com.candidatepsi.cases.CreateAnAccount@7c729a55]" started-at="2021-07-12T09:04:08 IST" name="validate_error_message_mandatory_fields" finished-at="2021-07-12T09:04:08 IST" duration-ms="336" status="PASS">
          <reporter-output>
          </reporter-output>
        </test-method> <!-- validate_error_message_mandatory_fields -->
        <test-method signature="valid_mail()[pri:4, instance:com.candidatepsi.cases.CreateAnAccount@7c729a55]" started-at="2021-07-12T09:04:08 IST" name="valid_mail" finished-at="2021-07-12T09:04:28 IST" duration-ms="20498" status="PASS">
          <reporter-output>
          </reporter-output>
        </test-method> <!-- valid_mail -->
        <test-method is-config="true" signature="closebrowser()[pri:0, instance:com.candidatepsi.cases.CreateAnAccount@7c729a55]" started-at="2021-07-12T09:04:46 IST" name="closebrowser" finished-at="2021-07-12T09:04:46 IST" duration-ms="404" status="PASS">
          <reporter-output>
          </reporter-output>
        </test-method> <!-- closebrowser -->
      </class> <!-- com.candidatepsi.cases.CreateAnAccount -->
    </test> <!-- regressiontesting -->
  </suite> <!-- candidatepsiexam -->
</testng-results>
