<?xml version="1.0" encoding="UTF-8"?>
<!-- Generated by org.testng.reporters.JUnitXMLReporter -->
<testsuite ignored="5" hostname="DESKTOP-3I3FL5S" failures="0" tests="4" name="regressiontesting" time="64.342" errors="0" timestamp="2021-07-12T09:04:47 IST">
  <testcase classname="com.candidatepsi.cases.CreateAnAccount" name="validate_error_message_mandatory_fields" time="0.336"/>
  <testcase classname="com.candidatepsi.cases.CreateAnAccount" name="valid_mail" time="20.498"/>
  <testcase classname="com.candidatepsi.cases.RegisterForExamination" name="Username_or_password_invalid" time="9.175"/>
  <testcase classname="com.candidatepsi.cases.RegisterForExamination" name="Signin" time="8.285"/>
  <testcase classname="com.candidatepsi.cases.RegisterForExamination" name="Register_for_a_Test" time="0.0">
    <ignored/>
  </testcase> <!-- Register_for_a_Test -->
  <testcase classname="com.candidatepsi.cases.CreateAnAccount" name="verify_validation_message_for_existing_accountext" time="0.0">
    <ignored/>
  </testcase> <!-- verify_validation_message_for_existing_accountext -->
  <testcase classname="com.candidatepsi.cases.CreateAnAccount" name="Password_doesnt_meet_mandatory_rules" time="0.0">
    <ignored/>
  </testcase> <!-- Password_doesnt_meet_mandatory_rules -->
  <testcase classname="com.candidatepsi.reusable.BaseClass" name="@AfterTest closebrowser" time="0.0">
    <ignored/>
  </testcase> <!-- @AfterTest closebrowser -->
  <testcase classname="com.candidatepsi.reusable.BaseClass" name="@BeforeTest launchbrowser" time="0.0">
    <ignored/>
  </testcase> <!-- @BeforeTest launchbrowser -->
</testsuite> <!-- regressiontesting -->
